Arguments: 
  C:\Program Files\nodejs\node.exe C:\Program Files (x86)\Yarn\bin\yarn.js add webpack webpack-cli -D

PATH: 
  C:\Program Files (x86)\NetSarang\Xshell 6\;C:\WINDOWS\system32;C:\WINDOWS;C:\WINDOWS\System32\Wbem;C:\WINDOWS\System32\WindowsPowerShell\v1.0\;C:\WINDOWS\System32\OpenSSH\;C:\Program Files\nodejs\;C:\Program Files\Git\cmd;C:\Program Files (x86)\Yarn\bin\;C:\Users\10438\AppData\Local\Microsoft\WindowsApps;;C:\Users\10438\AppData\Local\Programs\Microsoft VS Code\bin;C:\Users\10438\AppData\Roaming\npm;C:\Program Files\Bandizip\;C:\Program Files\JetBrains\PhpStorm 2018.3.3\bin;;C:\Users\10438\AppData\Local\Yarn\bin

Yarn version: 
  1.15.2

Node version: 
  10.15.0

Platform: 
  win32 x64

Trace: 
  Error: connect ETIMEDOUT 104.16.22.35:443
      at TCPConnectWrap.afterConnect [as oncomplete] (net.js:1117:14)

npm manifest: 
  {
    "name": "vue-toast-plugin-mobile",
    "version": "0.0.1",
    "description": "vue component",
    "main": "./lib/index.js",
    "repository": "https://github.com/Jonny-china/vue-toast-plugin-mobile.git",
    "author": "Jonny <1043870470@qq.com>",
    "license": "MIT",
    "private": false
  }

yarn manifest: 
  No manifest

Lockfile: 
  No lockfile
